0 info it worked if it ends with ok
1 verbose cli [ 'node', '/usr/local/bin/npm', 'install', '.', '-g' ]
2 info using npm@1.3.14
3 info using node@v0.10.22
4 verbose cache add [ '.', null ]
5 verbose cache add name=undefined spec="." args=[".",null]
6 verbose parsed url { protocol: null,
6 verbose parsed url   slashes: null,
6 verbose parsed url   auth: null,
6 verbose parsed url   host: null,
6 verbose parsed url   port: null,
6 verbose parsed url   hostname: null,
6 verbose parsed url   hash: null,
6 verbose parsed url   search: null,
6 verbose parsed url   query: null,
6 verbose parsed url   pathname: '.',
6 verbose parsed url   path: '.',
6 verbose parsed url   href: '.' }
7 silly lockFile 3a52ce78- .
8 verbose lock . /Users/justinkimbrell/.npm/3a52ce78-.lock
9 verbose tar pack [ '/var/folders/5z/g75rnf810vdb2q9dq30cvwcm0000gn/T/npm-84953-_2k_nYpd/1412657123517-0.8583521528635174/tmp.tgz',
9 verbose tar pack   '.' ]
10 verbose tarball /var/folders/5z/g75rnf810vdb2q9dq30cvwcm0000gn/T/npm-84953-_2k_nYpd/1412657123517-0.8583521528635174/tmp.tgz
11 verbose folder .
12 info prepublish FlipClock@0.7.3
13 silly lockFile 1f1177db-tar tar://.
14 verbose lock tar://. /Users/justinkimbrell/.npm/1f1177db-tar.lock
15 silly lockFile d293e194-23517-0-8583521528635174-tmp-tgz tar:///var/folders/5z/g75rnf810vdb2q9dq30cvwcm0000gn/T/npm-84953-_2k_nYpd/1412657123517-0.8583521528635174/tmp.tgz
16 verbose lock tar:///var/folders/5z/g75rnf810vdb2q9dq30cvwcm0000gn/T/npm-84953-_2k_nYpd/1412657123517-0.8583521528635174/tmp.tgz /Users/justinkimbrell/.npm/d293e194-23517-0-8583521528635174-tmp-tgz.lock
17 silly lockFile 1f1177db-tar tar://.
18 silly lockFile 1f1177db-tar tar://.
19 silly lockFile d293e194-23517-0-8583521528635174-tmp-tgz tar:///var/folders/5z/g75rnf810vdb2q9dq30cvwcm0000gn/T/npm-84953-_2k_nYpd/1412657123517-0.8583521528635174/tmp.tgz
20 silly lockFile d293e194-23517-0-8583521528635174-tmp-tgz tar:///var/folders/5z/g75rnf810vdb2q9dq30cvwcm0000gn/T/npm-84953-_2k_nYpd/1412657123517-0.8583521528635174/tmp.tgz
21 verbose tar unpack /var/folders/5z/g75rnf810vdb2q9dq30cvwcm0000gn/T/npm-84953-_2k_nYpd/1412657123517-0.8583521528635174/tmp.tgz
22 silly lockFile b5d1e388-23517-0-8583521528635174-package tar:///var/folders/5z/g75rnf810vdb2q9dq30cvwcm0000gn/T/npm-84953-_2k_nYpd/1412657123517-0.8583521528635174/package
23 verbose lock tar:///var/folders/5z/g75rnf810vdb2q9dq30cvwcm0000gn/T/npm-84953-_2k_nYpd/1412657123517-0.8583521528635174/package /Users/justinkimbrell/.npm/b5d1e388-23517-0-8583521528635174-package.lock
24 silly lockFile d293e194-23517-0-8583521528635174-tmp-tgz tar:///var/folders/5z/g75rnf810vdb2q9dq30cvwcm0000gn/T/npm-84953-_2k_nYpd/1412657123517-0.8583521528635174/tmp.tgz
25 verbose lock tar:///var/folders/5z/g75rnf810vdb2q9dq30cvwcm0000gn/T/npm-84953-_2k_nYpd/1412657123517-0.8583521528635174/tmp.tgz /Users/justinkimbrell/.npm/d293e194-23517-0-8583521528635174-tmp-tgz.lock
26 silly gunzTarPerm modes [ '755', '644' ]
27 silly gunzTarPerm extractEntry package.json
28 silly gunzTarPerm extractEntry .npmignore
29 silly gunzTarPerm extractEntry README.md
30 silly gunzTarPerm extractEntry Gruntfile.js
31 silly gunzTarPerm extractEntry bower.json
32 silly gunzTarPerm extractEntry CHANGE LOG.md
33 silly gunzTarPerm extractEntry examples/minute-counter-overflow.html
34 silly gunzTarPerm modified mode [ 'examples/minute-counter-overflow.html', 436, 420 ]
35 silly gunzTarPerm extractEntry examples/base.html
36 silly gunzTarPerm extractEntry examples/countdown-from-new-years.html
37 silly gunzTarPerm extractEntry examples/countdown-start-callback.html
38 silly gunzTarPerm extractEntry examples/countdown-stop-callback.html
39 silly gunzTarPerm extractEntry examples/countdown-to-new-years-without-seconds.html
40 silly gunzTarPerm extractEntry examples/countdown-to-new-years.html
41 silly gunzTarPerm extractEntry examples/daily-counter-countdown.html
42 silly gunzTarPerm extractEntry examples/daily-counter.html
43 silly gunzTarPerm modified mode [ 'examples/daily-counter.html', 436, 420 ]
44 silly gunzTarPerm extractEntry examples/hourly-counter.html
45 silly gunzTarPerm extractEntry examples/load-new-clock-face.html
46 silly gunzTarPerm modified mode [ 'examples/load-new-clock-face.html', 436, 420 ]
47 silly gunzTarPerm extractEntry examples/localization.html
48 silly gunzTarPerm extractEntry examples/countdown-from-new-years-without-seconds.html
49 silly gunzTarPerm extractEntry examples/minute-counter.html
50 silly gunzTarPerm extractEntry examples/multiple-instances.html
51 silly gunzTarPerm extractEntry examples/simple-countdown-autostart.html
52 silly gunzTarPerm extractEntry examples/simple-counter-autostart.html
53 silly gunzTarPerm extractEntry examples/simple-counter-minimum-digits.html
54 silly gunzTarPerm modified mode [ 'examples/simple-counter-minimum-digits.html', 436, 420 ]
55 silly gunzTarPerm extractEntry examples/simple-counter.html
56 silly gunzTarPerm extractEntry examples/twelve-hour-clock-custom-time.html
57 silly gunzTarPerm modified mode [ 'examples/twelve-hour-clock-custom-time.html', 436, 420 ]
58 silly gunzTarPerm extractEntry examples/twelve-hour-clock-without-seconds.html
59 silly gunzTarPerm modified mode [ 'examples/twelve-hour-clock-without-seconds.html', 436, 420 ]
60 silly gunzTarPerm extractEntry examples/twelve-hour-clock.html
61 silly gunzTarPerm extractEntry examples/twenty-four-hour-clock-custom-time.html
62 silly gunzTarPerm modified mode [ 'examples/twenty-four-hour-clock-custom-time.html', 436, 420 ]
63 silly gunzTarPerm extractEntry examples/twenty-four-hour-clock-without-seconds.html
64 silly gunzTarPerm modified mode [ 'examples/twenty-four-hour-clock-without-seconds.html',
64 silly gunzTarPerm   436,
64 silly gunzTarPerm   420 ]
65 silly gunzTarPerm extractEntry examples/twenty-four-hour-clock.html
66 silly gunzTarPerm extractEntry license.txt
67 silly gunzTarPerm extractEntry src/flipclock/css/flipclock.css
68 silly gunzTarPerm extractEntry src/flipclock/css/flipclock.scss
69 silly gunzTarPerm extractEntry src/flipclock/js/faces/counter.js
70 silly gunzTarPerm extractEntry src/flipclock/js/faces/dailycounter.js
71 silly gunzTarPerm extractEntry src/flipclock/js/faces/hourlycounter.js
72 silly gunzTarPerm extractEntry src/flipclock/js/faces/minutecounter.js
73 silly gunzTarPerm extractEntry src/flipclock/js/faces/twelvehourclock.js
74 silly gunzTarPerm extractEntry src/flipclock/js/faces/twentyfourhourclock.js
75 silly gunzTarPerm extractEntry src/flipclock/js/lang/ar-ar.js
76 silly gunzTarPerm extractEntry src/flipclock/js/lang/en-us.js
77 silly gunzTarPerm extractEntry src/flipclock/js/lang/es-es.js
78 silly gunzTarPerm extractEntry src/flipclock/js/lang/fi-fi.js
79 silly gunzTarPerm extractEntry src/flipclock/js/lang/fr-ca.js
80 silly gunzTarPerm extractEntry src/flipclock/js/lang/de-de.js
81 silly gunzTarPerm extractEntry src/flipclock/js/lang/lv-lv.js
82 silly gunzTarPerm extractEntry src/flipclock/js/lang/nl-be.js
83 silly gunzTarPerm extractEntry src/flipclock/js/lang/no-nb.js
84 silly gunzTarPerm extractEntry src/flipclock/js/lang/pt-br.js
85 silly gunzTarPerm extractEntry src/flipclock/js/lang/ru-ru.js
86 silly gunzTarPerm extractEntry src/flipclock/js/lang/da-dk.js
87 silly gunzTarPerm extractEntry src/flipclock/js/lang/sv-se.js
88 silly gunzTarPerm extractEntry src/flipclock/js/lang/it-it.js
89 silly gunzTarPerm extractEntry src/flipclock/js/libs/core.js
90 silly gunzTarPerm extractEntry src/flipclock/js/libs/face.js
91 silly gunzTarPerm extractEntry src/flipclock/js/libs/factory.js
92 silly gunzTarPerm extractEntry src/flipclock/js/libs/list.js
93 silly gunzTarPerm extractEntry src/flipclock/js/libs/plugins.js
94 silly gunzTarPerm extractEntry src/flipclock/js/libs/time.js
95 silly gunzTarPerm extractEntry src/flipclock/js/libs/timer.js
96 silly gunzTarPerm extractEntry src/flipclock/js/vendor/base.js
97 silly gunzTarPerm extractEntry compiled/flipclock.js
98 silly gunzTarPerm extractEntry compiled/flipclock.min.js
99 silly gunzTarPerm extractEntry compiled/flipclock.css
100 silly lockFile b5d1e388-23517-0-8583521528635174-package tar:///var/folders/5z/g75rnf810vdb2q9dq30cvwcm0000gn/T/npm-84953-_2k_nYpd/1412657123517-0.8583521528635174/package
101 silly lockFile b5d1e388-23517-0-8583521528635174-package tar:///var/folders/5z/g75rnf810vdb2q9dq30cvwcm0000gn/T/npm-84953-_2k_nYpd/1412657123517-0.8583521528635174/package
102 silly lockFile d293e194-23517-0-8583521528635174-tmp-tgz tar:///var/folders/5z/g75rnf810vdb2q9dq30cvwcm0000gn/T/npm-84953-_2k_nYpd/1412657123517-0.8583521528635174/tmp.tgz
103 silly lockFile d293e194-23517-0-8583521528635174-tmp-tgz tar:///var/folders/5z/g75rnf810vdb2q9dq30cvwcm0000gn/T/npm-84953-_2k_nYpd/1412657123517-0.8583521528635174/tmp.tgz
104 verbose tar pack [ '/Users/justinkimbrell/.npm/FlipClock/0.7.3/package.tgz',
104 verbose tar pack   '/var/folders/5z/g75rnf810vdb2q9dq30cvwcm0000gn/T/npm-84953-_2k_nYpd/1412657123517-0.8583521528635174/package' ]
105 verbose tarball /Users/justinkimbrell/.npm/FlipClock/0.7.3/package.tgz
106 verbose folder /var/folders/5z/g75rnf810vdb2q9dq30cvwcm0000gn/T/npm-84953-_2k_nYpd/1412657123517-0.8583521528635174/package
107 silly lockFile b5d1e388-23517-0-8583521528635174-package tar:///var/folders/5z/g75rnf810vdb2q9dq30cvwcm0000gn/T/npm-84953-_2k_nYpd/1412657123517-0.8583521528635174/package
108 verbose lock tar:///var/folders/5z/g75rnf810vdb2q9dq30cvwcm0000gn/T/npm-84953-_2k_nYpd/1412657123517-0.8583521528635174/package /Users/justinkimbrell/.npm/b5d1e388-23517-0-8583521528635174-package.lock
109 silly lockFile 8fe65a42--npm-FlipClock-0-7-3-package-tgz tar:///Users/justinkimbrell/.npm/FlipClock/0.7.3/package.tgz
110 verbose lock tar:///Users/justinkimbrell/.npm/FlipClock/0.7.3/package.tgz /Users/justinkimbrell/.npm/8fe65a42--npm-FlipClock-0-7-3-package-tgz.lock
111 silly lockFile b5d1e388-23517-0-8583521528635174-package tar:///var/folders/5z/g75rnf810vdb2q9dq30cvwcm0000gn/T/npm-84953-_2k_nYpd/1412657123517-0.8583521528635174/package
112 silly lockFile b5d1e388-23517-0-8583521528635174-package tar:///var/folders/5z/g75rnf810vdb2q9dq30cvwcm0000gn/T/npm-84953-_2k_nYpd/1412657123517-0.8583521528635174/package
113 silly lockFile 8fe65a42--npm-FlipClock-0-7-3-package-tgz tar:///Users/justinkimbrell/.npm/FlipClock/0.7.3/package.tgz
114 silly lockFile 8fe65a42--npm-FlipClock-0-7-3-package-tgz tar:///Users/justinkimbrell/.npm/FlipClock/0.7.3/package.tgz
115 silly lockFile 8039481a-rell-npm-FlipClock-0-7-3-package /Users/justinkimbrell/.npm/FlipClock/0.7.3/package
116 verbose lock /Users/justinkimbrell/.npm/FlipClock/0.7.3/package /Users/justinkimbrell/.npm/8039481a-rell-npm-FlipClock-0-7-3-package.lock
117 silly lockFile 8039481a-rell-npm-FlipClock-0-7-3-package /Users/justinkimbrell/.npm/FlipClock/0.7.3/package
118 silly lockFile 8039481a-rell-npm-FlipClock-0-7-3-package /Users/justinkimbrell/.npm/FlipClock/0.7.3/package
119 verbose tar unpack /Users/justinkimbrell/.npm/FlipClock/0.7.3/package.tgz
120 silly lockFile d80d1da8-rell-npm-FlipClock-0-7-3-package tar:///Users/justinkimbrell/.npm/FlipClock/0.7.3/package
121 verbose lock tar:///Users/justinkimbrell/.npm/FlipClock/0.7.3/package /Users/justinkimbrell/.npm/d80d1da8-rell-npm-FlipClock-0-7-3-package.lock
122 silly lockFile 8fe65a42--npm-FlipClock-0-7-3-package-tgz tar:///Users/justinkimbrell/.npm/FlipClock/0.7.3/package.tgz
123 verbose lock tar:///Users/justinkimbrell/.npm/FlipClock/0.7.3/package.tgz /Users/justinkimbrell/.npm/8fe65a42--npm-FlipClock-0-7-3-package-tgz.lock
124 silly gunzTarPerm modes [ '755', '644' ]
125 silly gunzTarPerm extractEntry package.json
126 silly gunzTarPerm extractEntry .npmignore
127 silly gunzTarPerm extractEntry README.md
128 silly gunzTarPerm extractEntry Gruntfile.js
129 silly gunzTarPerm extractEntry CHANGE LOG.md
130 silly gunzTarPerm extractEntry bower.json
131 silly gunzTarPerm extractEntry compiled/flipclock.js
132 silly gunzTarPerm extractEntry compiled/flipclock.min.js
133 silly gunzTarPerm extractEntry compiled/flipclock.css
134 silly gunzTarPerm extractEntry examples/minute-counter-overflow.html
135 silly gunzTarPerm extractEntry examples/base.html
136 silly gunzTarPerm extractEntry examples/countdown-from-new-years.html
137 silly gunzTarPerm extractEntry examples/countdown-start-callback.html
138 silly gunzTarPerm extractEntry examples/countdown-stop-callback.html
139 silly gunzTarPerm extractEntry examples/countdown-to-new-years-without-seconds.html
140 silly gunzTarPerm extractEntry examples/countdown-to-new-years.html
141 silly gunzTarPerm extractEntry examples/daily-counter-countdown.html
142 silly gunzTarPerm extractEntry examples/daily-counter.html
143 silly gunzTarPerm extractEntry examples/hourly-counter.html
144 silly gunzTarPerm extractEntry examples/load-new-clock-face.html
145 silly gunzTarPerm extractEntry examples/localization.html
146 silly gunzTarPerm extractEntry examples/countdown-from-new-years-without-seconds.html
147 silly gunzTarPerm extractEntry examples/minute-counter.html
148 silly gunzTarPerm extractEntry examples/multiple-instances.html
149 silly gunzTarPerm extractEntry examples/simple-countdown-autostart.html
150 silly gunzTarPerm extractEntry examples/simple-counter-autostart.html
151 silly gunzTarPerm extractEntry examples/simple-counter-minimum-digits.html
152 silly gunzTarPerm extractEntry examples/simple-counter.html
153 silly gunzTarPerm extractEntry examples/twelve-hour-clock-custom-time.html
154 silly gunzTarPerm extractEntry examples/twelve-hour-clock-without-seconds.html
155 silly gunzTarPerm extractEntry examples/twelve-hour-clock.html
156 silly gunzTarPerm extractEntry examples/twenty-four-hour-clock-custom-time.html
157 silly gunzTarPerm extractEntry examples/twenty-four-hour-clock-without-seconds.html
158 silly gunzTarPerm extractEntry examples/twenty-four-hour-clock.html
159 silly gunzTarPerm extractEntry license.txt
160 silly gunzTarPerm extractEntry src/flipclock/css/flipclock.css
161 silly gunzTarPerm extractEntry src/flipclock/css/flipclock.scss
162 silly gunzTarPerm extractEntry src/flipclock/js/faces/counter.js
163 silly gunzTarPerm extractEntry src/flipclock/js/faces/dailycounter.js
164 silly gunzTarPerm extractEntry src/flipclock/js/faces/hourlycounter.js
165 silly gunzTarPerm extractEntry src/flipclock/js/faces/minutecounter.js
166 silly gunzTarPerm extractEntry src/flipclock/js/faces/twelvehourclock.js
167 silly gunzTarPerm extractEntry src/flipclock/js/faces/twentyfourhourclock.js
168 silly gunzTarPerm extractEntry src/flipclock/js/lang/ar-ar.js
169 silly gunzTarPerm extractEntry src/flipclock/js/lang/en-us.js
170 silly gunzTarPerm extractEntry src/flipclock/js/lang/es-es.js
171 silly gunzTarPerm extractEntry src/flipclock/js/lang/fi-fi.js
172 silly gunzTarPerm extractEntry src/flipclock/js/lang/fr-ca.js
173 silly gunzTarPerm extractEntry src/flipclock/js/lang/de-de.js
174 silly gunzTarPerm extractEntry src/flipclock/js/lang/lv-lv.js
175 silly gunzTarPerm extractEntry src/flipclock/js/lang/nl-be.js
176 silly gunzTarPerm extractEntry src/flipclock/js/lang/no-nb.js
177 silly gunzTarPerm extractEntry src/flipclock/js/lang/pt-br.js
178 silly gunzTarPerm extractEntry src/flipclock/js/lang/ru-ru.js
179 silly gunzTarPerm extractEntry src/flipclock/js/lang/da-dk.js
180 silly gunzTarPerm extractEntry src/flipclock/js/lang/sv-se.js
181 silly gunzTarPerm extractEntry src/flipclock/js/lang/it-it.js
182 silly gunzTarPerm extractEntry src/flipclock/js/libs/core.js
183 silly gunzTarPerm extractEntry src/flipclock/js/libs/face.js
184 silly gunzTarPerm extractEntry src/flipclock/js/libs/factory.js
185 silly gunzTarPerm extractEntry src/flipclock/js/libs/list.js
186 silly gunzTarPerm extractEntry src/flipclock/js/libs/plugins.js
187 silly gunzTarPerm extractEntry src/flipclock/js/libs/time.js
188 silly gunzTarPerm extractEntry src/flipclock/js/libs/timer.js
189 silly gunzTarPerm extractEntry src/flipclock/js/vendor/base.js
190 silly lockFile d80d1da8-rell-npm-FlipClock-0-7-3-package tar:///Users/justinkimbrell/.npm/FlipClock/0.7.3/package
191 silly lockFile d80d1da8-rell-npm-FlipClock-0-7-3-package tar:///Users/justinkimbrell/.npm/FlipClock/0.7.3/package
192 silly lockFile 8fe65a42--npm-FlipClock-0-7-3-package-tgz tar:///Users/justinkimbrell/.npm/FlipClock/0.7.3/package.tgz
193 silly lockFile 8fe65a42--npm-FlipClock-0-7-3-package-tgz tar:///Users/justinkimbrell/.npm/FlipClock/0.7.3/package.tgz
194 verbose chmod /Users/justinkimbrell/.npm/FlipClock/0.7.3/package.tgz 644
195 verbose chown /Users/justinkimbrell/.npm/FlipClock/0.7.3/package.tgz [ 501, 20 ]
196 silly lockFile 3a52ce78- .
197 silly lockFile 3a52ce78- .
198 silly resolved [ { name: 'FlipClock',
198 silly resolved     version: '0.7.3',
198 silly resolved     email: 'support@objectivehtml.com',
198 silly resolved     author:
198 silly resolved      { name: 'Objective HTML, LLC',
198 silly resolved        email: 'support@objectivehtml.com' },
198 silly resolved     license: 'MIT',
198 silly resolved     devDependencies:
198 silly resolved      { grunt: '~0.4.2',
198 silly resolved        'grunt-contrib-jshint': '~0.6.3',
198 silly resolved        'grunt-contrib-uglify': '~0.2.7',
198 silly resolved        'grunt-contrib-concat': '~0.3.0' },
198 silly resolved     repository:
198 silly resolved      { type: 'git',
198 silly resolved        url: 'https://github.com/objectivehtml/FlipClock' },
198 silly resolved     bugs: { url: 'https://github.com/nodejitsu/browsenpm.org/issues' },
198 silly resolved     bin: { FlipClock: './bin/FlipClock' },
198 silly resolved     dependencies: { jquery: '>=1.7' },
198 silly resolved     readme: '# FlipClock.js\n\nWebsite and documentation at http://flipclockjs.com/\n\nCopyright (c) 2013 Objective HTML, LCC shared under MIT LICENSE\n',
198 silly resolved     readmeFilename: 'README.md',
198 silly resolved     description: 'Website and documentation at http://flipclockjs.com/',
198 silly resolved     homepage: 'https://github.com/objectivehtml/FlipClock',
198 silly resolved     _id: 'FlipClock@0.7.3',
198 silly resolved     dist: { shasum: 'cd2d3552f293ff03687e81935cb65834f8588dc7' },
198 silly resolved     _from: '.' } ]
199 info install FlipClock@0.7.3 into /usr/local/lib
200 info installOne FlipClock@0.7.3
201 info /usr/local/lib/node_modules/FlipClock unbuild
202 verbose tar unpack /Users/justinkimbrell/.npm/FlipClock/0.7.3/package.tgz
203 silly lockFile f2c0a3f9-local-lib-node-modules-FlipClock tar:///usr/local/lib/node_modules/FlipClock
204 verbose lock tar:///usr/local/lib/node_modules/FlipClock /Users/justinkimbrell/.npm/f2c0a3f9-local-lib-node-modules-FlipClock.lock
205 silly lockFile 8fe65a42--npm-FlipClock-0-7-3-package-tgz tar:///Users/justinkimbrell/.npm/FlipClock/0.7.3/package.tgz
206 verbose lock tar:///Users/justinkimbrell/.npm/FlipClock/0.7.3/package.tgz /Users/justinkimbrell/.npm/8fe65a42--npm-FlipClock-0-7-3-package-tgz.lock
207 silly gunzTarPerm modes [ '755', '644' ]
208 silly gunzTarPerm extractEntry package.json
209 silly gunzTarPerm extractEntry .npmignore
210 silly gunzTarPerm extractEntry README.md
211 silly gunzTarPerm extractEntry Gruntfile.js
212 silly gunzTarPerm extractEntry CHANGE LOG.md
213 silly gunzTarPerm extractEntry bower.json
214 silly gunzTarPerm extractEntry compiled/flipclock.js
215 silly gunzTarPerm extractEntry compiled/flipclock.min.js
216 silly gunzTarPerm extractEntry compiled/flipclock.css
217 silly gunzTarPerm extractEntry examples/minute-counter-overflow.html
218 silly gunzTarPerm extractEntry examples/base.html
219 silly gunzTarPerm extractEntry examples/countdown-from-new-years.html
220 silly gunzTarPerm extractEntry examples/countdown-start-callback.html
221 silly gunzTarPerm extractEntry examples/countdown-stop-callback.html
222 silly gunzTarPerm extractEntry examples/countdown-to-new-years-without-seconds.html
223 silly gunzTarPerm extractEntry examples/countdown-to-new-years.html
224 silly gunzTarPerm extractEntry examples/daily-counter-countdown.html
225 silly gunzTarPerm extractEntry examples/daily-counter.html
226 silly gunzTarPerm extractEntry examples/hourly-counter.html
227 silly gunzTarPerm extractEntry examples/load-new-clock-face.html
228 silly gunzTarPerm extractEntry examples/localization.html
229 silly gunzTarPerm extractEntry examples/countdown-from-new-years-without-seconds.html
230 silly gunzTarPerm extractEntry examples/minute-counter.html
231 silly gunzTarPerm extractEntry examples/multiple-instances.html
232 silly gunzTarPerm extractEntry examples/simple-countdown-autostart.html
233 silly gunzTarPerm extractEntry examples/simple-counter-autostart.html
234 silly gunzTarPerm extractEntry examples/simple-counter-minimum-digits.html
235 silly gunzTarPerm extractEntry examples/simple-counter.html
236 silly gunzTarPerm extractEntry examples/twelve-hour-clock-custom-time.html
237 silly gunzTarPerm extractEntry examples/twelve-hour-clock-without-seconds.html
238 silly gunzTarPerm extractEntry examples/twelve-hour-clock.html
239 silly gunzTarPerm extractEntry examples/twenty-four-hour-clock-custom-time.html
240 silly gunzTarPerm extractEntry examples/twenty-four-hour-clock-without-seconds.html
241 silly gunzTarPerm extractEntry examples/twenty-four-hour-clock.html
242 silly gunzTarPerm extractEntry license.txt
243 silly gunzTarPerm extractEntry src/flipclock/css/flipclock.css
244 silly gunzTarPerm extractEntry src/flipclock/css/flipclock.scss
245 silly gunzTarPerm extractEntry src/flipclock/js/faces/counter.js
246 silly gunzTarPerm extractEntry src/flipclock/js/faces/dailycounter.js
247 silly gunzTarPerm extractEntry src/flipclock/js/faces/hourlycounter.js
248 silly gunzTarPerm extractEntry src/flipclock/js/faces/minutecounter.js
249 silly gunzTarPerm extractEntry src/flipclock/js/faces/twelvehourclock.js
250 silly gunzTarPerm extractEntry src/flipclock/js/faces/twentyfourhourclock.js
251 silly gunzTarPerm extractEntry src/flipclock/js/lang/ar-ar.js
252 silly gunzTarPerm extractEntry src/flipclock/js/lang/en-us.js
253 silly gunzTarPerm extractEntry src/flipclock/js/lang/es-es.js
254 silly gunzTarPerm extractEntry src/flipclock/js/lang/fi-fi.js
255 silly gunzTarPerm extractEntry src/flipclock/js/lang/fr-ca.js
256 silly gunzTarPerm extractEntry src/flipclock/js/lang/de-de.js
257 silly gunzTarPerm extractEntry src/flipclock/js/lang/lv-lv.js
258 silly gunzTarPerm extractEntry src/flipclock/js/lang/nl-be.js
259 silly gunzTarPerm extractEntry src/flipclock/js/lang/no-nb.js
260 silly gunzTarPerm extractEntry src/flipclock/js/lang/pt-br.js
261 silly gunzTarPerm extractEntry src/flipclock/js/lang/ru-ru.js
262 silly gunzTarPerm extractEntry src/flipclock/js/lang/da-dk.js
263 silly gunzTarPerm extractEntry src/flipclock/js/lang/sv-se.js
264 silly gunzTarPerm extractEntry src/flipclock/js/lang/it-it.js
265 silly gunzTarPerm extractEntry src/flipclock/js/libs/core.js
266 silly gunzTarPerm extractEntry src/flipclock/js/libs/face.js
267 silly gunzTarPerm extractEntry src/flipclock/js/libs/factory.js
268 silly gunzTarPerm extractEntry src/flipclock/js/libs/list.js
269 silly gunzTarPerm extractEntry src/flipclock/js/libs/plugins.js
270 silly gunzTarPerm extractEntry src/flipclock/js/libs/time.js
271 silly gunzTarPerm extractEntry src/flipclock/js/libs/timer.js
272 silly gunzTarPerm extractEntry src/flipclock/js/vendor/base.js
273 silly lockFile f2c0a3f9-local-lib-node-modules-FlipClock tar:///usr/local/lib/node_modules/FlipClock
274 silly lockFile f2c0a3f9-local-lib-node-modules-FlipClock tar:///usr/local/lib/node_modules/FlipClock
275 silly lockFile 8fe65a42--npm-FlipClock-0-7-3-package-tgz tar:///Users/justinkimbrell/.npm/FlipClock/0.7.3/package.tgz
276 silly lockFile 8fe65a42--npm-FlipClock-0-7-3-package-tgz tar:///Users/justinkimbrell/.npm/FlipClock/0.7.3/package.tgz
277 info preinstall FlipClock@0.7.3
278 verbose readDependencies using package.json deps
279 verbose readDependencies using package.json deps
280 verbose cache add [ 'jquery@>=1.7', null ]
281 verbose cache add name=undefined spec="jquery@>=1.7" args=["jquery@>=1.7",null]
282 verbose parsed url { protocol: null,
282 verbose parsed url   slashes: null,
282 verbose parsed url   auth: null,
282 verbose parsed url   host: null,
282 verbose parsed url   port: null,
282 verbose parsed url   hostname: null,
282 verbose parsed url   hash: null,
282 verbose parsed url   search: null,
282 verbose parsed url   query: null,
282 verbose parsed url   pathname: 'jquery@%3E=1.7',
282 verbose parsed url   path: 'jquery@%3E=1.7',
282 verbose parsed url   href: 'jquery@%3E=1.7' }
283 verbose cache add name="jquery" spec=">=1.7" args=["jquery",">=1.7"]
284 verbose parsed url { protocol: null,
284 verbose parsed url   slashes: null,
284 verbose parsed url   auth: null,
284 verbose parsed url   host: null,
284 verbose parsed url   port: null,
284 verbose parsed url   hostname: null,
284 verbose parsed url   hash: null,
284 verbose parsed url   search: null,
284 verbose parsed url   query: null,
284 verbose parsed url   pathname: '%3E=1.7',
284 verbose parsed url   path: '%3E=1.7',
284 verbose parsed url   href: '%3E=1.7' }
285 verbose addNamed [ 'jquery', '>=1.7' ]
286 verbose addNamed [ null, '>=1.7.0-0' ]
287 silly lockFile 9cd58b64-jquery-1-7 jquery@>=1.7
288 verbose lock jquery@>=1.7 /Users/justinkimbrell/.npm/9cd58b64-jquery-1-7.lock
289 silly addNameRange { name: 'jquery', range: '>=1.7.0-0', hasData: false }
290 verbose url raw jquery
291 verbose url resolving [ 'https://registry.npmjs.org/', './jquery' ]
292 verbose url resolved https://registry.npmjs.org/jquery
293 info trying registry request attempt 1 at 00:45:24
294 verbose etag "1C0GQ36BSNJHWVLF8B4SVMDDF"
295 http GET https://registry.npmjs.org/jquery
296 http 304 https://registry.npmjs.org/jquery
297 silly registry.get cb [ 304,
297 silly registry.get   { date: 'Tue, 07 Oct 2014 04:45:20 GMT',
297 silly registry.get     server: 'Apache',
297 silly registry.get     via: '1.1 varnish',
297 silly registry.get     'last-modified': 'Tue, 07 Oct 2014 04:45:20 GMT',
297 silly registry.get     'cache-control': 'max-age=60',
297 silly registry.get     etag: '"1C0GQ36BSNJHWVLF8B4SVMDDF"',
297 silly registry.get     'x-served-by': 'cache-dfw1831-DFW',
297 silly registry.get     'x-cache': 'HIT',
297 silly registry.get     'x-cache-hits': '1',
297 silly registry.get     'x-timer': 'S1412657120.277348,VS0,VE0',
297 silly registry.get     vary: 'Accept',
297 silly registry.get     'content-length': '0',
297 silly registry.get     'keep-alive': 'timeout=10, max=50',
297 silly registry.get     connection: 'Keep-Alive' } ]
298 verbose etag jquery from cache
299 silly addNameRange number 2 { name: 'jquery', range: '>=1.7.0-0', hasData: true }
300 silly addNameRange versions [ 'jquery',
300 silly addNameRange   [ '1.5.1',
300 silly addNameRange     '1.6.2',
300 silly addNameRange     '1.6.3',
300 silly addNameRange     '1.7.2',
300 silly addNameRange     '1.7.3',
300 silly addNameRange     '1.8.2',
300 silly addNameRange     '1.8.3',
300 silly addNameRange     '2.1.0-beta2',
300 silly addNameRange     '2.1.0-beta3',
300 silly addNameRange     '1.11.0-beta3',
300 silly addNameRange     '1.11.0-rc1',
300 silly addNameRange     '2.1.0-rc1',
300 silly addNameRange     '1.11.0',
300 silly addNameRange     '2.1.0',
300 silly addNameRange     '2.1.1-beta1',
300 silly addNameRange     '1.11.1-beta1',
300 silly addNameRange     '2.1.1-rc1',
300 silly addNameRange     '1.11.1-rc1',
300 silly addNameRange     '2.1.1-rc2',
300 silly addNameRange     '1.11.1-rc2',
300 silly addNameRange     '2.1.1',
300 silly addNameRange     '1.11.1',
300 silly addNameRange     '1.9.1' ] ]
301 verbose addNamed [ 'jquery', '2.1.1' ]
302 verbose addNamed [ '2.1.1', '2.1.1' ]
303 silly lockFile d79e7587-jquery-2-1-1 jquery@2.1.1
304 verbose lock jquery@2.1.1 /Users/justinkimbrell/.npm/d79e7587-jquery-2-1-1.lock
305 silly lockFile d79e7587-jquery-2-1-1 jquery@2.1.1
306 silly lockFile d79e7587-jquery-2-1-1 jquery@2.1.1
307 silly lockFile 9cd58b64-jquery-1-7 jquery@>=1.7
308 silly lockFile 9cd58b64-jquery-1-7 jquery@>=1.7
309 silly resolved [ { name: 'jquery',
309 silly resolved     title: 'jQuery',
309 silly resolved     description: 'JavaScript library for DOM operations',
309 silly resolved     version: '2.1.1',
309 silly resolved     main: 'dist/jquery.js',
309 silly resolved     homepage: 'http://jquery.com',
309 silly resolved     author:
309 silly resolved      { name: 'jQuery Foundation and other contributors',
309 silly resolved        url: 'https://github.com/jquery/jquery/blob/2.1.1/AUTHORS.txt' },
309 silly resolved     repository: { type: 'git', url: 'https://github.com/jquery/jquery.git' },
309 silly resolved     keywords: [ 'jquery', 'javascript', 'browser', 'library' ],
309 silly resolved     bugs: { url: 'http://bugs.jquery.com' },
309 silly resolved     licenses: [ [Object] ],
309 silly resolved     dependencies: {},
309 silly resolved     devDependencies:
309 silly resolved      { commitplease: '1.7.0',
309 silly resolved        grunt: '0.4.2',
309 silly resolved        'grunt-bowercopy': '0.7.1',
309 silly resolved        'grunt-cli': '0.1.13',
309 silly resolved        'grunt-compare-size': '0.4.0',
309 silly resolved        'grunt-contrib-jshint': '0.8.0',
309 silly resolved        'grunt-contrib-uglify': '0.3.2',
309 silly resolved        'grunt-contrib-watch': '0.5.3',
309 silly resolved        'grunt-git-authors': '1.2.0',
309 silly resolved        'grunt-jscs-checker': '0.4.1',
309 silly resolved        'grunt-jsonlint': '1.0.4',
309 silly resolved        'gzip-js': '0.3.2',
309 silly resolved        'load-grunt-tasks': '0.3.0',
309 silly resolved        requirejs: '2.1.10',
309 silly resolved        testswarm: '1.1.0' },
309 silly resolved     scripts:
309 silly resolved      { build: 'npm install && grunt',
309 silly resolved        start: 'grunt watch',
309 silly resolved        test: 'grunt' },
309 silly resolved     readme: '[jQuery](http://jquery.com/) - New Wave JavaScript\n==================================================\n\nContribution Guides\n--------------------------------------\n\nIn the spirit of open source software development, jQuery always encourages community code contribution. To help you get started and before you jump into writing code, be sure to read these important contribution guidelines thoroughly:\n\n1. [Getting Involved](http://contribute.jquery.org/)\n2. [Core Style Guide](http://contribute.jquery.org/style-guide/js/)\n3. [Writing Code for jQuery Foundation Projects](http://contribute.jquery.org/code/)\n\n\nEnvironments in which to use jQuery\n--------------------------------------\n\n- [Browser support](http://jquery.com/browser-support/) differs between the master (2.x) branch and the 1.x-master branch. Specifically, 2.x does not support legacy browsers such as IE6-8. The jQuery team continues to provide support for legacy browsers on the 1.x-master branch. Use the latest 1.x release if support for those browsers is required. See [browser support](http://jquery.com/browser-support/) for more info.\n- To use jQuery in Node, browser extensions, and other non-browser environments, use only **2.x** releases. 1.x does not support these environments.\n\n\nWhat you need to build your own jQuery\n--------------------------------------\n\nIn order to build jQuery, you need to have Node.js/npm latest and git 1.7 or later.\n(Earlier versions might work OK, but are not tested.)\n\nFor Windows you have to download and install [git](http://git-scm.com/downloads) and [Node.js](http://nodejs.org/download/).\n\nMac OS users should install [Homebrew](http://mxcl.github.com/homebrew/). Once Homebrew is installed, run `brew install git` to install git,\nand `brew install node` to install Node.js.\n\nLinux/BSD users should use their appropriate package managers to install git and Node.js, or build from source\nif you swing that way. Easy-peasy.\n\n\nHow to build your own jQuery\n----------------------------\n\nClone a copy of the main jQuery git repo by running:\n\n```bash\ngit clone git://github.com/jquery/jquery.git\n```\n\nEnter the jquery directory and run the build script:\n```bash\ncd jquery && npm run build\n```\nThe built version of jQuery will be put in the `dist/` subdirectory, along with the minified copy and associated map file.\n\nIf you want create custom build or help with jQuery development, it would be better to install [grunt command line interface](https://github.com/gruntjs/grunt-cli) as a global package:\n\n```\nnpm install -g grunt-cli\n```\nMake sure you have `grunt` installed by testing:\n```\ngrunt -v\n```\n\nNow by running `grunt` command, in the jquery directory, you could build full version of jQuery, just like with `npm run build` command:\n```\ngrunt\n```\n\nThere are many other tasks available for jQuery Core:\n```\ngrunt -help\n```\n\n### Modules\n\nSpecial builds can be created that exclude subsets of jQuery functionality.\nThis allows for smaller custom builds when the builder is certain that those parts of jQuery are not being used.\nFor example, an app that only used JSONP for `$.ajax()` and did not need to calculate offsets or positions of elements could exclude the offset and ajax/xhr modules.\n\nAny module may be excluded except for `core`, and `selector`. To exclude a module, pass its path relative to the `src` folder (without the `.js` extension).\n\nSome example modules that can be excluded are:\n\n- **ajax**: All AJAX functionality: `$.ajax()`, `$.get()`, `$.post()`, `$.ajaxSetup()`, `.load()`, transports, and ajax event shorthands such as `.ajaxStart()`.\n- **ajax/xhr**: The XMLHTTPRequest AJAX transport only.\n- **ajax/script**: The `<script>` AJAX transport only; used to retrieve scripts.\n- **ajax/jsonp**: The JSONP AJAX transport only; depends on the ajax/script transport.\n- **css**: The `.css()` method plus non-animated `.show()`, `.hide()` and `.toggle()`. Also removes **all** modules depending on css (including **effects**, **dimensions**, and **offset**).\n- **deprecated**: Methods documented as deprecated but not yet removed; currently only `.andSelf()`.\n- **dimensions**: The `.width()` and `.height()` methods, including `inner-` and `outer-` variations.\n- **effects**: The `.animate()` method and its shorthands such as `.slideUp()` or `.hide("slow")`.\n- **event**: The `.on()` and `.off()` methods and all event functionality. Also removes `event/alias`.\n- **event/alias**: All event attaching/triggering shorthands like `.click()` or `.mouseover()`.\n- **offset**: The `.offset()`, `.position()`, `.offsetParent()`, `.scrollLeft()`, and `.scrollTop()` methods.\n- **wrap**: The `.wrap()`, `.wrapAll()`, `.wrapInner()`, and `.unwrap()` methods.\n- **core/ready**: Exclude the ready module if you place your scripts at the end of the body. Any ready callbacks bound with `jQuery()` will simply be called immediately. However, `jQuery(document).ready()` will not be a function and `.on("ready", ...)` or similar will not be triggered.\n- **deferred**: Exclude jQuery.Deferred. This also removes jQuery.Callbacks. *Note* that modules that depend on jQuery.Deferred(AJAX, effects, core/ready) will not be removed and will still expect jQuery.Deferred to be there. Include your own jQuery.Deferred implementation or exclude those modules as well (`grunt custom:-deferred,-ajax,-effects,-core/ready`).\n- **exports/global**: Exclude the attachment of global jQuery variables ($ and jQuery) to the window.\n- **exports/amd**: Exclude the AMD definition.\n\nAs a special case, you may also replace Sizzle by using a special flag `grunt custom:-sizzle`.\n\n- **sizzle**: The Sizzle selector engine. When this module is excluded, it is replaced by a rudimentary selector engine based on the browser\'s `querySelectorAll` method that does not support jQuery selector extensions or enhanced semantics. See the selector-native.js file for details.\n\n*Note*: Excluding Sizzle will also exclude all jQuery selector extensions (such as `effects/animatedSelector` and `css/hiddenVisibleSelectors`).\n\nThe build process shows a message for each dependent module it excludes or includes.\n\n##### AMD name\n\nAs an option, you can set the module name for jQuery\'s AMD definition. By default, it is set to "jquery", which plays nicely with plugins and third-party libraries, but there may be cases where you\'d like to change this. Simply set the `"amd"` option:\n\n```bash\ngrunt custom --amd="custom-name"\n```\n\nOr, to define anonymously, set the name to an empty string.\n\n```bash\ngrunt custom --amd=""\n```\n\n#### Custom Build Examples\n\nTo create a custom build of the latest stable version, first check out the version:\n\n```bash\ngit pull; git checkout $(git describe --abbrev=0 --tags)\n```\n\nThen, make sure all Node dependencies are installed:\n\n```bash\nnpm install\n```\n\nCreate the custom build using the `grunt custom` option, listing the modules to be excluded.\n\nExclude all **ajax** functionality:\n\n```bash\ngrunt custom:-ajax\n```\n\nExcluding **css** removes modules depending on CSS: **effects**, **offset**, **dimensions**.\n\n```bash\ngrunt custom:-css\n```\n\nExclude a bunch of modules:\n\n```bash\ngrunt custom:-ajax,-css,-deprecated,-dimensions,-effects,-event/alias,-offset,-wrap\n```\n\nFor questions or requests regarding custom builds, please start a thread on the [Developing jQuery Core](https://forum.jquery.com/developing-jquery-core) section of the forum. Due to the combinatorics and custom nature of these builds, they are not regularly tested in jQuery\'s unit test process. The non-Sizzle selector engine currently does not pass unit tests because it is missing too much essential functionality.\n\nRunning the Unit Tests\n--------------------------------------\n\nMake sure you have the necessary dependencies:\n\n```bash\nnpm install\n```\n\nStart `grunt watch` or `npm start` to auto-build jQuery as you work:\n\n```bash\ncd jquery && grunt watch\n```\n\n\nRun the unit tests with a local server that supports PHP. Ensure that you run the site from the root directory, not the "test" directory. No database is required. Pre-configured php local servers are available for Windows and Mac. Here are some options:\n\n- Windows: [WAMP download](http://www.wampserver.com/en/)\n- Mac: [MAMP download](http://www.mamp.info/en/index.html)\n- Linux: [Setting up LAMP](https://www.linux.com/learn/tutorials/288158-easy-lamp-server-installation)\n- [Mongoose (most platforms)](http://code.google.com/p/mongoose/)\n\n\n\n\nBuilding to a different directory\n---------------------------------\n\nTo copy the built jQuery files from `/dist` to another directory:\n\n```bash\ngrunt && grunt dist:/path/to/special/location/\n```\nWith this example, the output files would be:\n\n```bash\n/path/to/special/location/jquery.js\n/path/to/special/location/jquery.min.js\n```\n\nTo add a permanent copy destination, create a file in `dist/` called ".destination.json". Inside the file, paste and customize the following:\n\n```json\n\n{\n  "/Absolute/path/to/other/destination": true\n}\n```\n\nAdditionally, both methods can be combined.\n\n\n\nEssential Git\n-------------\n\nAs the source code is handled by the Git version control system, it\'s useful to know some features used.\n\n### Cleaning ###\n\nIf you want to purge your working directory back to the status of upstream, following commands can be used (remember everything you\'ve worked on is gone after these):\n\n```bash\ngit reset --hard upstream/master\ngit clean -fdx\n```\n\n### Rebasing ###\n\nFor feature/topic branches, you should always use the `--rebase` flag to `git pull`, or if you are usually handling many temporary "to be in a github pull request" branches, run following to automate this:\n\n```bash\ngit config branch.autosetuprebase local\n```\n(see `man git-config` for more information)\n\n### Handling merge conflicts ###\n\nIf you\'re getting merge conflicts when merging, instead of editing the conflicted files manually, you can use the feature\n`git mergetool`. Even though the default tool `xxdiff` looks awful/old, it\'s rather useful.\n\nFollowing are some commands that can be used there:\n\n* `Ctrl + Alt + M` - automerge as much as possible\n* `b` - jump to next merge conflict\n* `s` - change the order of the conflicted lines\n* `u` - undo a merge\n* `left mouse button` - mark a block to be the winner\n* `middle mouse button` - mark a line to be the winner\n* `Ctrl + S` - save\n* `Ctrl + Q` - quit\n\n[QUnit](http://api.qunitjs.com) Reference\n-----------------\n\n### Test methods ###\n\n```js\nexpect( numAssertions );\nstop();\nstart();\n```\n\n\nNote: QUnit\'s eventual addition of an argument to stop/start is ignored in this test suite so that start and stop can be passed as callbacks without worrying about their parameters\n\n### Test assertions ###\n\n\n```js\nok( value, [message] );\nequal( actual, expected, [message] );\nnotEqual( actual, expected, [message] );\ndeepEqual( actual, expected, [message] );\nnotDeepEqual( actual, expected, [message] );\nstrictEqual( actual, expected, [message] );\nnotStrictEqual( actual, expected, [message] );\nthrows( block, [expected], [message] );\n```\n\n\nTest Suite Convenience Methods Reference (See [test/data/testinit.js](https://github.com/jquery/jquery/blob/master/test/data/testinit.js))\n------------------------------\n\n### Returns an array of elements with the given IDs ###\n\n```js\nq( ... );\n```\n\nExample:\n\n```js\nq("main", "foo", "bar");\n\n=> [ div#main, span#foo, input#bar ]\n```\n\n### Asserts that a selection matches the given IDs ###\n\n```js\nt( testName, selector, [ "array", "of", "ids" ] );\n```\n\nExample:\n\n```js\nt("Check for something", "//[a]", ["foo", "baar"]);\n```\n\n\n\n### Fires a native DOM event without going through jQuery ###\n\n```js\nfireNative( node, eventType )\n```\n\nExample:\n\n```js\nfireNative( jQuery("#elem")[0], "click" );\n```\n\n### Add random number to url to stop caching ###\n\n```js\nurl( "some/url.php" );\n```\n\nExample:\n\n```js\nurl("data/test.html");\n\n=> "data/test.html?10538358428943"\n\n\nurl("data/test.php?foo=bar");\n\n=> "data/test.php?foo=bar&10538358345554"\n```\n\n\n### Load tests in an iframe ###\n\nLoads a given page constructing a url with fileName: `"./data/" + fileName + ".html"`\nand fires the given callback on jQuery ready (using the jQuery loading from that page)\nand passes the iFrame\'s jQuery to the callback.\n\n```js\ntestIframe( fileName, testName, callback );\n```\n\nCallback arguments:\n\n```js\ncallback( jQueryFromIFrame, iFrameWindow, iFrameDocument );\n```\n\n### Load tests in an iframe (window.iframeCallback) ###\n\nLoads a given page constructing a url with fileName: `"./data/" + fileName + ".html"`\nThe given callback is fired when window.iframeCallback is called by the page.\nThe arguments passed to the callback are the same as the\narguments passed to window.iframeCallback, whatever that may be\n\n```js\ntestIframeWithCallback( testName, fileName, callback );\n```\n\nQuestions?\n----------\n\nIf you have any questions, please feel free to ask on the\n[Developing jQuery Core forum](http://forum.jquery.com/developing-jquery-core) or in #jquery on irc.freenode.net.\n',
309 silly resolved     readmeFilename: 'README.md',
309 silly resolved     _id: 'jquery@2.1.1',
309 silly resolved     _from: 'jquery@>=1.7' } ]
310 info install jquery@2.1.1 into /usr/local/lib/node_modules/FlipClock
311 info installOne jquery@2.1.1
312 info /usr/local/lib/node_modules/FlipClock/node_modules/jquery unbuild
313 verbose tar unpack /Users/justinkimbrell/.npm/jquery/2.1.1/package.tgz
314 silly lockFile b717cbd4-es-FlipClock-node-modules-jquery tar:///usr/local/lib/node_modules/FlipClock/node_modules/jquery
315 verbose lock tar:///usr/local/lib/node_modules/FlipClock/node_modules/jquery /Users/justinkimbrell/.npm/b717cbd4-es-FlipClock-node-modules-jquery.lock
316 silly lockFile bef1bec6-ell-npm-jquery-2-1-1-package-tgz tar:///Users/justinkimbrell/.npm/jquery/2.1.1/package.tgz
317 verbose lock tar:///Users/justinkimbrell/.npm/jquery/2.1.1/package.tgz /Users/justinkimbrell/.npm/bef1bec6-ell-npm-jquery-2-1-1-package-tgz.lock
318 silly gunzTarPerm modes [ '755', '644' ]
319 silly gunzTarPerm extractEntry package.json
320 silly gunzTarPerm extractEntry .npmignore
321 silly gunzTarPerm extractEntry README.md
322 silly gunzTarPerm extractEntry MIT-LICENSE.txt
323 silly gunzTarPerm extractEntry CONTRIBUTING.md
324 silly gunzTarPerm extractEntry .jscsrc
325 silly gunzTarPerm extractEntry .bowerrc
326 silly gunzTarPerm extractEntry bower.json
327 silly gunzTarPerm extractEntry dist/jquery.js
328 silly gunzTarPerm extractEntry dist/jquery.min.js
329 silly gunzTarPerm extractEntry dist/cdn/jquery-2.1.1.js
330 silly gunzTarPerm extractEntry dist/cdn/jquery-2.1.1.min.js
331 silly gunzTarPerm extractEntry dist/cdn/jquery-2.1.1.min.map
332 silly gunzTarPerm extractEntry dist/jquery.min.map
333 silly gunzTarPerm extractEntry AUTHORS.txt
334 silly gunzTarPerm extractEntry src/wrap.js
335 silly gunzTarPerm extractEntry src/dimensions.js
336 silly gunzTarPerm extractEntry src/effects.js
337 silly gunzTarPerm extractEntry src/event.js
338 silly gunzTarPerm extractEntry src/deprecated.js
339 silly gunzTarPerm extractEntry src/intro.js
340 silly gunzTarPerm extractEntry src/jquery.js
341 silly gunzTarPerm extractEntry src/manipulation.js
342 silly gunzTarPerm extractEntry src/offset.js
343 silly gunzTarPerm extractEntry src/outro.js
344 silly gunzTarPerm extractEntry src/deferred.js
345 silly gunzTarPerm extractEntry src/queue.js
346 silly gunzTarPerm extractEntry src/data.js
347 silly gunzTarPerm extractEntry src/selector-native.js
348 silly gunzTarPerm extractEntry src/css.js
349 silly gunzTarPerm extractEntry src/selector-sizzle.js
350 silly gunzTarPerm extractEntry src/core.js
351 silly gunzTarPerm extractEntry src/selector.js
352 silly gunzTarPerm extractEntry src/callbacks.js
353 silly gunzTarPerm extractEntry src/serialize.js
354 silly gunzTarPerm extractEntry src/attributes.js
355 silly gunzTarPerm extractEntry src/traversing.js
356 silly gunzTarPerm extractEntry src/ajax.js
357 silly gunzTarPerm extractEntry src/data/Data.js
358 silly gunzTarPerm extractEntry src/data/accepts.js
359 silly gunzTarPerm extractEntry src/data/var/data_priv.js
360 silly gunzTarPerm extractEntry src/data/var/data_user.js
361 silly gunzTarPerm extractEntry src/event/alias.js
362 silly gunzTarPerm extractEntry src/event/support.js
363 silly gunzTarPerm extractEntry src/queue/delay.js
364 silly gunzTarPerm extractEntry src/core/access.js
365 silly gunzTarPerm extractEntry src/core/init.js
366 silly gunzTarPerm extractEntry src/core/parseHTML.js
367 silly gunzTarPerm extractEntry src/core/ready.js
368 silly gunzTarPerm extractEntry src/core/var/rsingleTag.js
369 silly gunzTarPerm extractEntry src/ajax/jsonp.js
370 silly gunzTarPerm extractEntry src/ajax/load.js
371 silly gunzTarPerm extractEntry src/ajax/parseJSON.js
372 silly gunzTarPerm extractEntry src/ajax/parseXML.js
373 silly gunzTarPerm extractEntry src/ajax/script.js
374 silly gunzTarPerm extractEntry src/ajax/xhr.js
375 silly gunzTarPerm extractEntry src/ajax/var/nonce.js
376 silly gunzTarPerm extractEntry src/ajax/var/rquery.js
377 silly gunzTarPerm extractEntry src/css/addGetHookIf.js
378 silly gunzTarPerm extractEntry src/css/curCSS.js
379 silly gunzTarPerm extractEntry src/css/defaultDisplay.js
380 silly gunzTarPerm extractEntry src/css/hiddenVisibleSelectors.js
381 silly gunzTarPerm extractEntry src/css/support.js
382 silly gunzTarPerm extractEntry src/css/swap.js
383 silly gunzTarPerm extractEntry src/css/var/cssExpand.js
384 silly gunzTarPerm extractEntry src/css/var/getStyles.js
385 silly gunzTarPerm extractEntry src/css/var/isHidden.js
386 silly gunzTarPerm extractEntry src/css/var/rmargin.js
387 silly gunzTarPerm extractEntry src/css/var/rnumnonpx.js
388 silly gunzTarPerm extractEntry src/attributes/attr.js
389 silly gunzTarPerm extractEntry src/attributes/classes.js
390 silly gunzTarPerm extractEntry src/attributes/prop.js
391 silly gunzTarPerm extractEntry src/attributes/support.js
392 silly gunzTarPerm extractEntry src/attributes/val.js
393 silly gunzTarPerm extractEntry src/manipulation/_evalUrl.js
394 silly gunzTarPerm extractEntry src/manipulation/support.js
395 silly gunzTarPerm extractEntry src/manipulation/var/rcheckableType.js
396 silly gunzTarPerm extractEntry src/sizzle/dist/sizzle.js
397 silly gunzTarPerm extractEntry src/sizzle/dist/sizzle.min.js
398 silly gunzTarPerm extractEntry src/sizzle/dist/sizzle.min.map
399 silly gunzTarPerm extractEntry src/sizzle/test/jquery.js
400 silly gunzTarPerm extractEntry src/sizzle/test/data/empty.js
401 silly gunzTarPerm extractEntry src/sizzle/test/data/testinit.js
402 silly gunzTarPerm extractEntry src/sizzle/test/data/mixed_sort.html
403 silly gunzTarPerm extractEntry src/sizzle/test/index.html
404 silly gunzTarPerm extractEntry src/sizzle/test/unit/extending.js
405 silly gunzTarPerm extractEntry src/sizzle/test/unit/selector.js
406 silly gunzTarPerm extractEntry src/sizzle/test/unit/utilities.js
407 silly gunzTarPerm extractEntry src/traversing/findFilter.js
408 silly gunzTarPerm extractEntry src/traversing/var/rneedsContext.js
409 silly gunzTarPerm extractEntry src/effects/Tween.js
410 silly gunzTarPerm extractEntry src/effects/animatedSelector.js
411 silly gunzTarPerm extractEntry src/var/arr.js
412 silly gunzTarPerm extractEntry src/var/concat.js
413 silly gunzTarPerm extractEntry src/var/hasOwn.js
414 silly gunzTarPerm extractEntry src/var/indexOf.js
415 silly gunzTarPerm extractEntry src/var/pnum.js
416 silly gunzTarPerm extractEntry src/var/class2type.js
417 silly gunzTarPerm extractEntry src/var/rnotwhite.js
418 silly gunzTarPerm extractEntry src/var/slice.js
419 silly gunzTarPerm extractEntry src/var/strundefined.js
420 silly gunzTarPerm extractEntry src/var/support.js
421 silly gunzTarPerm extractEntry src/var/toString.js
422 silly gunzTarPerm extractEntry src/var/push.js
423 silly gunzTarPerm extractEntry src/exports/amd.js
424 silly gunzTarPerm extractEntry src/exports/global.js
425 silly lockFile b717cbd4-es-FlipClock-node-modules-jquery tar:///usr/local/lib/node_modules/FlipClock/node_modules/jquery
426 silly lockFile b717cbd4-es-FlipClock-node-modules-jquery tar:///usr/local/lib/node_modules/FlipClock/node_modules/jquery
427 silly lockFile bef1bec6-ell-npm-jquery-2-1-1-package-tgz tar:///Users/justinkimbrell/.npm/jquery/2.1.1/package.tgz
428 silly lockFile bef1bec6-ell-npm-jquery-2-1-1-package-tgz tar:///Users/justinkimbrell/.npm/jquery/2.1.1/package.tgz
429 info preinstall jquery@2.1.1
430 verbose readDependencies using package.json deps
431 verbose readDependencies using package.json deps
432 silly resolved []
433 verbose about to build /usr/local/lib/node_modules/FlipClock/node_modules/jquery
434 info build /usr/local/lib/node_modules/FlipClock/node_modules/jquery
435 verbose linkStuff [ true,
435 verbose linkStuff   '/usr/local/lib/node_modules',
435 verbose linkStuff   false,
435 verbose linkStuff   '/usr/local/lib/node_modules/FlipClock/node_modules' ]
436 info linkStuff jquery@2.1.1
437 verbose linkBins jquery@2.1.1
438 verbose linkMans jquery@2.1.1
439 verbose rebuildBundles jquery@2.1.1
440 info install jquery@2.1.1
441 info postinstall jquery@2.1.1
442 verbose about to build /usr/local/lib/node_modules/FlipClock
443 info build /usr/local/lib/node_modules/FlipClock
444 verbose linkStuff [ true,
444 verbose linkStuff   '/usr/local/lib/node_modules',
444 verbose linkStuff   true,
444 verbose linkStuff   '/usr/local/lib/node_modules' ]
445 info linkStuff FlipClock@0.7.3
446 verbose linkBins FlipClock@0.7.3
447 verbose link bins [ { FlipClock: './bin/FlipClock' }, '/usr/local/bin', true ]
448 verbose linkMans FlipClock@0.7.3
449 verbose rebuildBundles FlipClock@0.7.3
450 verbose rebuildBundles [ 'jquery' ]
451 info /usr/local/lib/node_modules/FlipClock unbuild
452 info preuninstall FlipClock@0.7.3
453 info uninstall FlipClock@0.7.3
454 verbose true,/usr/local/lib/node_modules,/usr/local/lib/node_modules unbuild FlipClock@0.7.3
455 verbose /usr/local/bin,[object Object] binRoot
456 info postuninstall FlipClock@0.7.3
457 error Error: ENOENT, chmod '/usr/local/lib/node_modules/FlipClock/bin/FlipClock'
458 error If you need help, you may report this log at:
458 error     <http://github.com/isaacs/npm/issues>
458 error or email it to:
458 error     <npm-@googlegroups.com>
459 error System Darwin 13.1.0
460 error command "node" "/usr/local/bin/npm" "install" "." "-g"
461 error cwd /Users/justinkimbrell/Github/FlipClock
462 error node -v v0.10.22
463 error npm -v 1.3.14
464 error path /usr/local/lib/node_modules/FlipClock/bin/FlipClock
465 error code ENOENT
466 error errno 34
467 verbose exit [ 34, true ]
